<?xml version="1.0" encoding="UTF-8"?>
<!-- Generated by org.testng.reporters.JUnitXMLReporter -->
<testsuite ignored="4" hostname="HEU-PEDRO-PRADIITA" failures="0" tests="4" name="Test" time="161.437" errors="0" timestamp="2021-09-24T08:11:38 ICT">
  <testcase classname="pintaria.PintariaRegisterTest" name="RegistAlertWithoutSubmit" time="0.613"/>
  <testcase classname="pintaria.PintariaRegisterTest" name="RegistAllUrl" time="59.659"/>
  <testcase classname="pintaria.PintariaRegisterTest" name="RegistDaftarButton" time="0.307"/>
  <testcase classname="pintaria.PintariaForgotPasswordTest" name="ForgotPasswordAllUrl" time="55.052"/>
  <testcase classname="pintaria.PintariaRegisterTest" name="RegistAlert" time="0.0">
    <ignored/>
  </testcase> <!-- RegistAlert -->
  <testcase classname="pintaria.PintariaForgotPasswordTest" name="SuccessForgotPassword" time="0.0">
    <ignored/>
  </testcase> <!-- SuccessForgotPassword -->
  <testcase classname="pintaria.PintariaForgotPasswordTest" name="ForgotPasswordAlert" time="0.0">
    <ignored/>
  </testcase> <!-- ForgotPasswordAlert -->
  <testcase classname="pintaria.PintariaRegisterTest" name="SuccessRegist" time="0.0">
    <ignored/>
  </testcase> <!-- SuccessRegist -->
</testsuite> <!-- Test -->
